<?xml version="1.0" encoding="UTF-8"?>
<testng-results ignored="0" total="2" passed="2" failed="0" skipped="0">
  <reporter-output>
  </reporter-output>
  <suite started-at="2022-11-15T03:42:00Z" name="All Test Suite" finished-at="2022-11-15T03:42:05Z" duration-ms="5519">
    <groups>
    </groups>
    <test started-at="2022-11-15T03:42:00Z" name="/Users/ishaanmadaan/qabootcamp/QaBootcampUITestFramework" finished-at="2022-11-15T03:42:05Z" duration-ms="5519">
      <class name="com.qaBootcamp.tests.LoginPageTests">
        <test-method signature="test1()[pri:0, instance:com.qaBootcamp.tests.LoginPageTests@1060b431]" started-at="2022-11-15T03:42:00Z" name="test1" finished-at="2022-11-15T03:42:03Z" duration-ms="3468" status="PASS">
          <reporter-output>
          </reporter-output>
        </test-method> <!-- test1 -->
        <test-method signature="test2()[pri:0, instance:com.qaBootcamp.tests.LoginPageTests@1060b431]" started-at="2022-11-15T03:42:03Z" name="test2" finished-at="2022-11-15T03:42:05Z" duration-ms="2037" status="PASS">
          <reporter-output>
          </reporter-output>
        </test-method> <!-- test2 -->
      </class> <!-- com.qaBootcamp.tests.LoginPageTests -->
    </test> <!-- /Users/ishaanmadaan/qabootcamp/QaBootcampUITestFramework -->
  </suite> <!-- All Test Suite -->
</testng-results>
