<?xml version="1.0" encoding="UTF-8"?>
<testng-results ignored="0" total="3" passed="3" failed="0" skipped="0">
  <reporter-output>
  </reporter-output>
  <suite started-at="2021-09-14T13:50:03Z" name="All Test Suite" finished-at="2021-09-14T13:50:22Z" duration-ms="19121">
    <groups>
    </groups>
    <test started-at="2021-09-14T13:50:03Z" name="/Users/ishaanmadaan/qabootcamp/QaBootcampUITestFramework" finished-at="2021-09-14T13:50:22Z" duration-ms="19121">
      <class name="com.qabootcamp.tests.CreateCustomerTests">
        <test-method is-config="true" signature="setUp()[pri:0, instance:com.qabootcamp.tests.CreateCustomerTests@6b9651f3]" started-at="2021-09-14T13:50:19Z" name="setUp" finished-at="2021-09-14T13:50:22Z" duration-ms="2938" status="PASS">
          <reporter-output>
          </reporter-output>
        </test-method> <!-- setUp -->
        <test-method signature="test3()[pri:0, instance:com.qabootcamp.tests.CreateCustomerTests@6b9651f3]" started-at="2021-09-14T13:50:22Z" name="test3" finished-at="2021-09-14T13:50:22Z" duration-ms="0" status="PASS">
          <reporter-output>
          </reporter-output>
        </test-method> <!-- test3 -->
        <test-method is-config="true" signature="tearDown()[pri:0, instance:com.qabootcamp.tests.CreateCustomerTests@6b9651f3]" started-at="2021-09-14T13:50:22Z" name="tearDown" finished-at="2021-09-14T13:50:22Z" duration-ms="117" status="PASS">
          <reporter-output>
          </reporter-output>
        </test-method> <!-- tearDown -->
      </class> <!-- com.qabootcamp.tests.CreateCustomerTests -->
      <class name="com.qabootcamp.tests.LoginPageTests">
        <test-method is-config="true" signature="setUp()[pri:0, instance:com.qabootcamp.tests.LoginPageTests@5bb21b69]" started-at="2021-09-14T13:50:03Z" name="setUp" finished-at="2021-09-14T13:50:09Z" duration-ms="5979" status="PASS">
          <reporter-output>
          </reporter-output>
        </test-method> <!-- setUp -->
        <test-method signature="test1()[pri:0, instance:com.qabootcamp.tests.LoginPageTests@5bb21b69]" started-at="2021-09-14T13:50:09Z" name="test1" finished-at="2021-09-14T13:50:13Z" duration-ms="3412" status="PASS">
          <reporter-output>
          </reporter-output>
        </test-method> <!-- test1 -->
        <test-method is-config="true" signature="tearDown()[pri:0, instance:com.qabootcamp.tests.LoginPageTests@5bb21b69]" started-at="2021-09-14T13:50:13Z" name="tearDown" finished-at="2021-09-14T13:50:13Z" duration-ms="125" status="PASS">
          <reporter-output>
          </reporter-output>
        </test-method> <!-- tearDown -->
        <test-method is-config="true" signature="setUp()[pri:0, instance:com.qabootcamp.tests.LoginPageTests@5bb21b69]" started-at="2021-09-14T13:50:13Z" name="setUp" finished-at="2021-09-14T13:50:16Z" duration-ms="3040" status="PASS">
          <reporter-output>
          </reporter-output>
        </test-method> <!-- setUp -->
        <test-method signature="test2()[pri:0, instance:com.qabootcamp.tests.LoginPageTests@5bb21b69]" started-at="2021-09-14T13:50:16Z" name="test2" finished-at="2021-09-14T13:50:19Z" duration-ms="3206" status="PASS">
          <reporter-output>
          </reporter-output>
        </test-method> <!-- test2 -->
        <test-method is-config="true" signature="tearDown()[pri:0, instance:com.qabootcamp.tests.LoginPageTests@5bb21b69]" started-at="2021-09-14T13:50:19Z" name="tearDown" finished-at="2021-09-14T13:50:19Z" duration-ms="125" status="PASS">
          <reporter-output>
          </reporter-output>
        </test-method> <!-- tearDown -->
      </class> <!-- com.qabootcamp.tests.LoginPageTests -->
    </test> <!-- /Users/ishaanmadaan/qabootcamp/QaBootcampUITestFramework -->
  </suite> <!-- All Test Suite -->
</testng-results>
