<?xml version="1.0" encoding="UTF-8"?>
<!-- Generated by org.testng.reporters.JUnitXMLReporter -->
<testsuite ignored="0" hostname="192.168.1.7" failures="0" tests="3" name="/Users/ishaanmadaan/qabootcamp/QaBootcampUITestFramework" time="19.121" errors="0" timestamp="14 Sep 2021 13:50:22 GMT">
  <testcase classname="com.qabootcamp.tests.LoginPageTests" name="test1" time="3.412"/>
  <testcase classname="com.qabootcamp.tests.LoginPageTests" name="test2" time="3.206"/>
  <testcase classname="com.qabootcamp.tests.CreateCustomerTests" name="test3" time="0.0"/>
</testsuite> <!-- /Users/ishaanmadaan/qabootcamp/QaBootcampUITestFramework -->
