<?xml version="1.0" encoding="UTF-8"?>
<!-- Generated by org.testng.reporters.JUnitXMLReporter -->
<testsuite ignored="0" hostname="Tushars-MacBook-Pro.local" failures="0" tests="2" name="/Users/ishaanmadaan/qabootcamp/QaBootcampUITestFramework" time="5.519" errors="0" timestamp="15 Nov 2022 03:42:05 GMT">
  <testcase classname="com.qaBootcamp.tests.LoginPageTests" name="test1" time="3.468"/>
  <testcase classname="com.qaBootcamp.tests.LoginPageTests" name="test2" time="2.037"/>
</testsuite> <!-- /Users/ishaanmadaan/qabootcamp/QaBootcampUITestFramework -->
